#
# A fatal error has been detected by the Java Runtime Environment:
#
#  EXCEPTION_ACCESS_VIOLATION (0xc0000005) at pc=0x000000005dea2f83, pid=19288, tid=22488
#
# JRE version:  (9.0+11) (build )
# Java VM: Java HotSpot(TM) 64-Bit Server VM (9.0.4+11, mixed mode, tiered, compressed oops, g1 gc, windows-amd64)
# Problematic frame:
# V  [jvm.dll+0x1b2f83]
#
# No core dump will be written. Minidumps are not enabled by default on client versions of Windows
#
# If you would like to submit a bug report, please visit:
#   http://bugreport.java.com/bugreport/crash.jsp
#

---------------  S U M M A R Y ------------

Command Line: -Dapplication.home=C:\Program Files\java\jdk-9.0.4 --add-modules=ALL-DEFAULT -Xms8m -Djdk.module.main=jdk.compiler jdk.compiler/com.sun.tools.javac.Main -version

Host: Intel(R) Core(TM) i5-2400 CPU @ 3.10GHz, 4 cores, 15G,  Windows 10 , 64 bit Build 15063 (10.0.15063.296)
Time: Wed Feb 07 14:09:43 2018 South Africa Standard Time elapsed time: 0 seconds (0d 0h 0m 0s)

---------------  T H R E A D  ---------------

Current thread (0x000002101335a000):  JavaThread "Unknown thread" [_thread_in_vm, id=22488, stack(0x0000004921c00000,0x0000004921d00000)]

Stack: [0x0000004921c00000,0x0000004921d00000],  sp=0x0000004921cff460,  free space=1021k
Native frames: (J=compiled Java code, j=interpreted, Vv=VM code, C=native code)


siginfo: EXCEPTION_ACCESS_VIOLATION (0xc0000005), reading address 0x0000000000000000


Registers:
RAX=0x0000000000000001, RBX=0x0000000000000000, RCX=0x0000000000000000, RDX=0x000002101333ff01
RSP=0x0000004921cff460, RBP=0x0000000000000000, RSI=0x0000004921cff898, RDI=0x000002101335a000
R8 =0x0000000000000000, R9 =0x00007ffdbc614b18, R10=0x0000000000000007, R11=0x0000004921cfecf0
R12=0x000000005e22f920, R13=0x000002101333e1e0, R14=0x000002101333de68, R15=0x0000000000000000
RIP=0x000000005dea2f83, EFLAGS=0x0000000000010256

Top of Stack: (sp=0x0000004921cff460)
0x0000004921cff460:   0000021013365a20 000000005e29d773
0x0000004921cff470:   0000000000000038 000000005e25196d
0x0000004921cff480:   000000005e4ca708 000000005e468d50
0x0000004921cff490:   0000000000000140 0000004921cff4f0
0x0000004921cff4a0:   000002101335a000 000000005e251ce5
0x0000004921cff4b0:   0000021013358790 0000000000000000
0x0000004921cff4c0:   0000000000000000 000000005e2516a7
0x0000004921cff4d0:   0000000000000000 000000005e29d569
0x0000004921cff4e0:   00000011a3aa8206 000000005dcf0000
0x0000004921cff4f0:   0000021013365a20 0000000000000000
0x0000004921cff500:   0000000000000004 00000876e6bba1ad
0x0000004921cff510:   0000000000000000 000000005dea2b35
0x0000004921cff520:   0000000000000004 0000000000000000
0x0000004921cff530:   000002101333e1e0 0000004921cff898
0x0000004921cff540:   0000004921cff580 000000005dea0ed1
0x0000004921cff550:   0000000000000000 0000004921cff580 

Instructions: (pc=0x000000005dea2f83)
0x000000005dea2f63:   48 33 c4 48 89 84 24 a8 00 00 00 0f b6 c2 88 54
0x000000005dea2f73:   24 31 48 8b e9 49 83 c8 ff 0f 1f 40 00 49 ff c0
0x000000005dea2f83:   41 80 3c 08 00 75 f6 33 f6 45 33 ed 88 44 24 30
0x000000005dea2f93:   45 85 c0 0f 8e 78 02 00 00 8b 0d a2 10 7e 00 65 



---------------  P R O C E S S  ---------------

Java Threads: ( => current thread )

Other Threads:

[error occurred during error reporting (printing all threads), id 0xc0000005]

VM state:not at safepoint (not fully initialized)

VM Mutex/Monitor currently owned by a thread: None


[error occurred during error reporting (printing compressed oops mode), id 0xc0000005]

Deoptimization events (0 events):
No events

Classes redefined (0 events):
No events

Internal exceptions (0 events):
No events

Events (0 events):
No events


Dynamic libraries:
0x00007ff6fbe30000 - 0x00007ff6fbe37000 	C:\Program Files\java\jdk-9.0.4\bin\javac.exe
0x00007ffdda8d0000 - 0x00007ffddaaab000 	C:\WINDOWS\SYSTEM32\ntdll.dll
0x00007ffdd8580000 - 0x00007ffdd862e000 	C:\WINDOWS\System32\KERNEL32.DLL
0x00007ffdd6dd0000 - 0x00007ffdd7019000 	C:\WINDOWS\System32\KERNELBASE.dll
0x00007ffdab990000 - 0x00007ffdab9c5000 	C:\Program Files\java\jdk-9.0.4\bin\jli.dll
0x00007ffd94d90000 - 0x00007ffd94e7f000 	C:\Program Files\java\jdk-9.0.4\bin\MSVCR120.dll
0x00007ffdd9f70000 - 0x00007ffdda011000 	C:\WINDOWS\System32\ADVAPI32.dll
0x00007ffdd81f0000 - 0x00007ffdd828d000 	C:\WINDOWS\System32\msvcrt.dll
0x00007ffdd9f10000 - 0x00007ffdd9f69000 	C:\WINDOWS\System32\sechost.dll
0x00007ffdd7e10000 - 0x00007ffdd7f35000 	C:\WINDOWS\System32\RPCRT4.dll
0x00007ffdd9aa0000 - 0x00007ffdd9bea000 	C:\WINDOWS\System32\USER32.dll
0x00007ffdd1740000 - 0x00007ffdd19a7000 	C:\WINDOWS\WinSxS\amd64_microsoft.windows.common-controls_6595b64144ccf1df_6.0.15063.483_none_26002d27e7c744a2\COMCTL32.dll
0x00007ffdd7d80000 - 0x00007ffdd7d9e000 	C:\WINDOWS\System32\win32u.dll
0x00007ffdda020000 - 0x00007ffdda319000 	C:\WINDOWS\System32\combase.dll
0x00007ffdda8a0000 - 0x00007ffdda8c7000 	C:\WINDOWS\System32\GDI32.dll
0x00007ffdd7250000 - 0x00007ffdd7346000 	C:\WINDOWS\System32\ucrtbase.dll
0x00007ffdd7400000 - 0x00007ffdd7587000 	C:\WINDOWS\System32\gdi32full.dll
0x00007ffdd7ce0000 - 0x00007ffdd7d7a000 	C:\WINDOWS\System32\msvcp_win.dll
0x00007ffdd7da0000 - 0x00007ffdd7e0a000 	C:\WINDOWS\System32\bcryptPrimitives.dll
0x00007ffdd1b30000 - 0x00007ffdd1b3a000 	C:\WINDOWS\SYSTEM32\VERSION.dll
0x00007ffdd8630000 - 0x00007ffdd865d000 	C:\WINDOWS\System32\IMM32.DLL
0x00007ffda77e0000 - 0x00007ffda7886000 	C:\Program Files\java\jdk-9.0.4\bin\msvcp120.dll
0x000000005dcf0000 - 0x000000005e715000 	C:\Program Files\java\jdk-9.0.4\bin\server\jvm.dll
0x00007ffdda890000 - 0x00007ffdda898000 	C:\WINDOWS\System32\PSAPI.DLL
0x00007ffdd5140000 - 0x00007ffdd5163000 	C:\WINDOWS\SYSTEM32\WINMM.dll
0x00007ffdcb280000 - 0x00007ffdcb289000 	C:\WINDOWS\SYSTEM32\WSOCK32.dll
0x00007ffdd9c60000 - 0x00007ffdd9ccc000 	C:\WINDOWS\System32\WS2_32.dll
0x00007ffdd50e0000 - 0x00007ffdd510b000 	C:\WINDOWS\SYSTEM32\winmmbase.dll
0x00007ffdd7c90000 - 0x00007ffdd7cd9000 	C:\WINDOWS\System32\cfgmgr32.dll
0x00007ffdbc710000 - 0x00007ffdbc71f000 	C:\Program Files\java\jdk-9.0.4\bin\verify.dll
0x00007ffdab7a0000 - 0x00007ffdab7c7000 	C:\Program Files\java\jdk-9.0.4\bin\java.dll
0x00007ffdb2bd0000 - 0x00007ffdb2be6000 	C:\Program Files\java\jdk-9.0.4\bin\zip.dll
0x00007ffdbc610000 - 0x00007ffdbc61a000 	C:\Program Files\java\jdk-9.0.4\bin\jimage.dll
0x00007ffdcb300000 - 0x00007ffdcb4a9000 	C:\WINDOWS\SYSTEM32\dbghelp.dll

VM Arguments:
jvm_args: -Dapplication.home=C:\Program Files\java\jdk-9.0.4 --add-modules=ALL-DEFAULT -Xms8m -Djdk.module.main=jdk.compiler 
java_command: jdk.compiler/com.sun.tools.javac.Main -version
java_class_path (initial): <not set>
Launcher Type: SUN_STANDARD

Logging:
Log output configuration:
#0: stdout all=warning uptime,level,tags
#1: stderr all=off uptime,level,tags

Environment Variables:
JAVA_HOME=C:\Program Files\java\jdk-9.0.4
PATH=C:\ProgramData\Oracle\Java\javapath;C:\Program Files (x86)\Common Files\NetSarang;C:\WINDOWS\system32;C:\WINDOWS;C:\WINDOWS\System32\Wbem;C:\WINDOWS\System32\WindowsPowerShell\v1.0\;C:\Program Files (x86)\Bitvise Tunnelier;C:\Program Files (x86)\Bitvise SSH Client;C:\Program Files\Common Files\Autodesk Shared\;C:\Program Files\TortoiseSVN\bin;C:\Program Files (x86)\PuTTY\;C:\Program Files (x86)\Skype\Phone\;C:\Program Files\Git\cmd;C:\Program Files\nodejs\;C:\Users\Ruan\AppData\Roaming\npm;C:\Program Files\java\jdk-9.0.4\bin;C:\Users\Ruan\AppData\Local\Android\sdk\tools;C:\Users\Ruan\AppData\Local\Android\sdk\platform-tools;C:\Users\Ruan\AppData\Local\Android\sdk\tools\bin
USERNAME=Ruan
OS=Windows_NT
PROCESSOR_IDENTIFIER=Intel64 Family 6 Model 42 Stepping 7, GenuineIntel



---------------  S Y S T E M  ---------------

OS: Windows 10 , 64 bit Build 15063 (10.0.15063.296)

CPU:total 4 (initial active 4) 

Memory: 4k page, physical 16747860k(9710180k free), swap 33525076k(25864544k free)

vm_info: Java HotSpot(TM) 64-Bit Server VM (9.0.4+11) for windows-amd64 JRE (9.0.4+11), built on Dec 20 2017 02:18:54 by "mach5one" with MS VC++ 12.0 (VS2013)

END.
