#
# A fatal error has been detected by the Java Runtime Environment:
#
#  EXCEPTION_ACCESS_VIOLATION (0xc0000005) at pc=0x000000005dea2f83, pid=17888, tid=18084
#
# JRE version:  (9.0+11) (build )
# Java VM: Java HotSpot(TM) 64-Bit Server VM (9.0.4+11, mixed mode, tiered, compressed oops, g1 gc, windows-amd64)
# Problematic frame:
# V  [jvm.dll+0x1b2f83]
#
# No core dump will be written. Minidumps are not enabled by default on client versions of Windows
#
# If you would like to submit a bug report, please visit:
#   http://bugreport.java.com/bugreport/crash.jsp
#

---------------  S U M M A R Y ------------

Command Line: -Dapplication.home=C:\Program Files\java\jdk-9.0.4 --add-modules=ALL-DEFAULT -Xms8m -Djdk.module.main=jdk.compiler jdk.compiler/com.sun.tools.javac.Main -version

Host: Intel(R) Core(TM) i5-2400 CPU @ 3.10GHz, 4 cores, 15G,  Windows 10 , 64 bit Build 15063 (10.0.15063.296)
Time: Wed Feb 07 10:14:51 2018 South Africa Standard Time elapsed time: 0 seconds (0d 0h 0m 0s)

---------------  T H R E A D  ---------------

Current thread (0x0000024bf993b000):  JavaThread "Unknown thread" [_thread_in_vm, id=18084, stack(0x000000ae66100000,0x000000ae66200000)]

Stack: [0x000000ae66100000,0x000000ae66200000],  sp=0x000000ae661ff280,  free space=1020k
Native frames: (J=compiled Java code, j=interpreted, Vv=VM code, C=native code)


siginfo: EXCEPTION_ACCESS_VIOLATION (0xc0000005), reading address 0x0000000000000000


Registers:
RAX=0x0000000000000001, RBX=0x0000000000000000, RCX=0x0000000000000000, RDX=0x0000024bf9922001
RSP=0x000000ae661ff280, RBP=0x0000000000000000, RSI=0x000000ae661ff6b8, RDI=0x0000024bf993b000
R8 =0x0000000000000000, R9 =0x00007ffdc75e4b18, R10=0x0000000000000007, R11=0x000000ae661feb10
R12=0x000000005e22f920, R13=0x0000024bf991f7a0, R14=0x0000024bf991f578, R15=0x0000000000000000
RIP=0x000000005dea2f83, EFLAGS=0x0000000000010256

Top of Stack: (sp=0x000000ae661ff280)
0x000000ae661ff280:   0000024bf9946f10 000000005e29d773
0x000000ae661ff290:   0000000000000038 000000005e25196d
0x000000ae661ff2a0:   000000005e4ca708 000000005e468d50
0x000000ae661ff2b0:   0000000000000140 000000ae661ff310
0x000000ae661ff2c0:   0000024bf993b000 000000005e251ce5
0x000000ae661ff2d0:   0000024bf9939000 0000000000000000
0x000000ae661ff2e0:   0000000000000000 000000005e2516a7
0x000000ae661ff2f0:   0000000000000000 000000005e29d569
0x000000ae661ff300:   00000007ba85069e 000000005dcf0000
0x000000ae661ff310:   0000024bf9946f10 0000000000000000
0x000000ae661ff320:   0000000000000004 0000bb92bdada041
0x000000ae661ff330:   0000000000000000 000000005dea2b35
0x000000ae661ff340:   0000000000000004 0000000000000000
0x000000ae661ff350:   0000024bf991f7a0 000000ae661ff6b8
0x000000ae661ff360:   000000ae661ff3a0 000000005dea0ed1
0x000000ae661ff370:   0000000000000000 000000ae661ff3a0 

Instructions: (pc=0x000000005dea2f83)
0x000000005dea2f63:   48 33 c4 48 89 84 24 a8 00 00 00 0f b6 c2 88 54
0x000000005dea2f73:   24 31 48 8b e9 49 83 c8 ff 0f 1f 40 00 49 ff c0
0x000000005dea2f83:   41 80 3c 08 00 75 f6 33 f6 45 33 ed 88 44 24 30
0x000000005dea2f93:   45 85 c0 0f 8e 78 02 00 00 8b 0d a2 10 7e 00 65 



---------------  P R O C E S S  ---------------

Java Threads: ( => current thread )

Other Threads:

[error occurred during error reporting (printing all threads), id 0xc0000005]

VM state:not at safepoint (not fully initialized)

VM Mutex/Monitor currently owned by a thread: None


[error occurred during error reporting (printing compressed oops mode), id 0xc0000005]

Deoptimization events (0 events):
No events

Classes redefined (0 events):
No events

Internal exceptions (0 events):
No events

Events (0 events):
No events


Dynamic libraries:
0x00007ff6fbe30000 - 0x00007ff6fbe37000 	C:\Program Files\java\jdk-9.0.4\bin\javac.exe
0x00007ffdda8d0000 - 0x00007ffddaaab000 	C:\WINDOWS\SYSTEM32\ntdll.dll
0x00007ffdd8580000 - 0x00007ffdd862e000 	C:\WINDOWS\System32\KERNEL32.DLL
0x00007ffdd6dd0000 - 0x00007ffdd7019000 	C:\WINDOWS\System32\KERNELBASE.dll
0x00007ffdb4490000 - 0x00007ffdb44c5000 	C:\Program Files\java\jdk-9.0.4\bin\jli.dll
0x00007ffda9f00000 - 0x00007ffda9fef000 	C:\Program Files\java\jdk-9.0.4\bin\MSVCR120.dll
0x00007ffdd9f70000 - 0x00007ffdda011000 	C:\WINDOWS\System32\ADVAPI32.dll
0x00007ffdd81f0000 - 0x00007ffdd828d000 	C:\WINDOWS\System32\msvcrt.dll
0x00007ffdd9f10000 - 0x00007ffdd9f69000 	C:\WINDOWS\System32\sechost.dll
0x00007ffdd7e10000 - 0x00007ffdd7f35000 	C:\WINDOWS\System32\RPCRT4.dll
0x00007ffdd9aa0000 - 0x00007ffdd9bea000 	C:\WINDOWS\System32\USER32.dll
0x00007ffdd7d80000 - 0x00007ffdd7d9e000 	C:\WINDOWS\System32\win32u.dll
0x00007ffdd1740000 - 0x00007ffdd19a7000 	C:\WINDOWS\WinSxS\amd64_microsoft.windows.common-controls_6595b64144ccf1df_6.0.15063.483_none_26002d27e7c744a2\COMCTL32.dll
0x00007ffdda8a0000 - 0x00007ffdda8c7000 	C:\WINDOWS\System32\GDI32.dll
0x00007ffdda020000 - 0x00007ffdda319000 	C:\WINDOWS\System32\combase.dll
0x00007ffdd7400000 - 0x00007ffdd7587000 	C:\WINDOWS\System32\gdi32full.dll
0x00007ffdd7250000 - 0x00007ffdd7346000 	C:\WINDOWS\System32\ucrtbase.dll
0x00007ffdd7ce0000 - 0x00007ffdd7d7a000 	C:\WINDOWS\System32\msvcp_win.dll
0x00007ffdd7da0000 - 0x00007ffdd7e0a000 	C:\WINDOWS\System32\bcryptPrimitives.dll
0x00007ffdd1b30000 - 0x00007ffdd1b3a000 	C:\WINDOWS\SYSTEM32\VERSION.dll
0x00007ffdd8630000 - 0x00007ffdd865d000 	C:\WINDOWS\System32\IMM32.DLL
0x00007ffda9e50000 - 0x00007ffda9ef6000 	C:\Program Files\java\jdk-9.0.4\bin\msvcp120.dll
0x000000005dcf0000 - 0x000000005e715000 	C:\Program Files\java\jdk-9.0.4\bin\server\jvm.dll
0x00007ffdda890000 - 0x00007ffdda898000 	C:\WINDOWS\System32\PSAPI.DLL
0x00007ffdd5140000 - 0x00007ffdd5163000 	C:\WINDOWS\SYSTEM32\WINMM.dll
0x00007ffdcb280000 - 0x00007ffdcb289000 	C:\WINDOWS\SYSTEM32\WSOCK32.dll
0x00007ffdd9c60000 - 0x00007ffdd9ccc000 	C:\WINDOWS\System32\WS2_32.dll
0x00007ffdd50e0000 - 0x00007ffdd510b000 	C:\WINDOWS\SYSTEM32\winmmbase.dll
0x00007ffdd7c90000 - 0x00007ffdd7cd9000 	C:\WINDOWS\System32\cfgmgr32.dll
0x00007ffdcf110000 - 0x00007ffdcf11f000 	C:\Program Files\java\jdk-9.0.4\bin\verify.dll
0x00007ffdbc610000 - 0x00007ffdbc637000 	C:\Program Files\java\jdk-9.0.4\bin\java.dll
0x00007ffdbc710000 - 0x00007ffdbc726000 	C:\Program Files\java\jdk-9.0.4\bin\zip.dll
0x00007ffdc75e0000 - 0x00007ffdc75ea000 	C:\Program Files\java\jdk-9.0.4\bin\jimage.dll
0x00007ffdcb300000 - 0x00007ffdcb4a9000 	C:\WINDOWS\SYSTEM32\dbghelp.dll

VM Arguments:
jvm_args: -Dapplication.home=C:\Program Files\java\jdk-9.0.4 --add-modules=ALL-DEFAULT -Xms8m -Djdk.module.main=jdk.compiler 
java_command: jdk.compiler/com.sun.tools.javac.Main -version
java_class_path (initial): <not set>
Launcher Type: SUN_STANDARD

Logging:
Log output configuration:
#0: stdout all=warning uptime,level,tags
#1: stderr all=off uptime,level,tags

Environment Variables:
JAVA_HOME=C:\Program Files\java\jdk-9.0.4
PATH=C:\ProgramData\Oracle\Java\javapath;C:\Program Files (x86)\Common Files\NetSarang;C:\WINDOWS\system32;C:\WINDOWS;C:\WINDOWS\System32\Wbem;C:\WINDOWS\System32\WindowsPowerShell\v1.0\;C:\Program Files (x86)\Bitvise Tunnelier;C:\Program Files (x86)\Bitvise SSH Client;C:\Program Files\Common Files\Autodesk Shared\;C:\Program Files\TortoiseSVN\bin;C:\Program Files (x86)\PuTTY\;C:\Program Files (x86)\Skype\Phone\;C:\Program Files\Git\cmd;C:\Program Files\nodejs\;C:\Users\Ruan\AppData\Roaming\npm;C:\Program Files\java\jdk-9.0.4\bin;C:\Users\Ruan\AppData\Local\Android\sdk\tools;C:\Users\Ruan\AppData\Local\Android\sdk\platform-tools;C:\Users\Ruan\AppData\Local\Android\sdk\tools\bin
USERNAME=Ruan
OS=Windows_NT
PROCESSOR_IDENTIFIER=Intel64 Family 6 Model 42 Stepping 7, GenuineIntel



---------------  S Y S T E M  ---------------

OS: Windows 10 , 64 bit Build 15063 (10.0.15063.296)

CPU:total 4 (initial active 4) 

Memory: 4k page, physical 16747860k(10288676k free), swap 33525076k(26621592k free)

vm_info: Java HotSpot(TM) 64-Bit Server VM (9.0.4+11) for windows-amd64 JRE (9.0.4+11), built on Dec 20 2017 02:18:54 by "mach5one" with MS VC++ 12.0 (VS2013)

END.
