#
# A fatal error has been detected by the Java Runtime Environment:
#
#  EXCEPTION_ACCESS_VIOLATION (0xc0000005) at pc=0x0000000060db2f83, pid=6092, tid=10200
#
# JRE version:  (9.0+11) (build )
# Java VM: Java HotSpot(TM) 64-Bit Server VM (9.0.4+11, mixed mode, tiered, compressed oops, g1 gc, windows-amd64)
# Problematic frame:
# V  [jvm.dll+0x1b2f83]
#
# No core dump will be written. Minidumps are not enabled by default on client versions of Windows
#
# If you would like to submit a bug report, please visit:
#   http://bugreport.java.com/bugreport/crash.jsp
#

---------------  S U M M A R Y ------------

Command Line: -Dapplication.home=C:\Program Files\java\jdk-9.0.4 --add-modules=ALL-DEFAULT -Xms8m -Djdk.module.main=jdk.compiler jdk.compiler/com.sun.tools.javac.Main -version

Host: Intel(R) Core(TM) i5-2400 CPU @ 3.10GHz, 4 cores, 15G,  Windows 10 , 64 bit Build 15063 (10.0.15063.296)
Time: Fri Feb 02 08:34:14 2018 South Africa Standard Time elapsed time: 0 seconds (0d 0h 0m 0s)

---------------  T H R E A D  ---------------

Current thread (0x000002754312c800):  JavaThread "Unknown thread" [_thread_in_vm, id=10200, stack(0x000000deeea00000,0x000000deeeb00000)]

Stack: [0x000000deeea00000,0x000000deeeb00000],  sp=0x000000deeeaff330,  free space=1020k
Native frames: (J=compiled Java code, j=interpreted, Vv=VM code, C=native code)


siginfo: EXCEPTION_ACCESS_VIOLATION (0xc0000005), reading address 0x0000000000000000


Registers:
RAX=0x0000000000000001, RBX=0x0000000000000000, RCX=0x0000000000000000, RDX=0x0000027543110801
RSP=0x000000deeeaff330, RBP=0x0000000000000000, RSI=0x000000deeeaff768, RDI=0x000002754312c800
R8 =0x0000000000000000, R9 =0x00007ff8cba74b18, R10=0x0000000000000007, R11=0x000000deeeafebc0
R12=0x000000006113f920, R13=0x000002754310e370, R14=0x000002754310e7d8, R15=0x0000000000000000
RIP=0x0000000060db2f83, EFLAGS=0x0000000000010256

Top of Stack: (sp=0x000000deeeaff330)
0x000000deeeaff330:   0000027543138e50 00000000611ad773
0x000000deeeaff340:   0000000000000038 000000006116196d
0x000000deeeaff350:   00000000613da708 0000000061378d50
0x000000deeeaff360:   0000000000000140 000000deeeaff3c0
0x000000deeeaff370:   000002754312c800 0000000061161ce5
0x000000deeeaff380:   000002754312b270 0000000000000000
0x000000deeeaff390:   0000000000000000 00000000611616a7
0x000000deeeaff3a0:   0000000000000000 00000000611ad569
0x000000deeeaff3b0:   000000005a9f4d71 0000000060c00000
0x000000deeeaff3c0:   0000027543138e50 0000000000000000
0x000000deeeaff3d0:   0000000000000004 00003e20e82f4b5a
0x000000deeeaff3e0:   0000000000000000 0000000060db2b35
0x000000deeeaff3f0:   0000000000000004 0000000000000000
0x000000deeeaff400:   000002754310e370 000000deeeaff768
0x000000deeeaff410:   000000deeeaff450 0000000060db0ed1
0x000000deeeaff420:   0000000000000000 000000deeeaff450 

Instructions: (pc=0x0000000060db2f83)
0x0000000060db2f63:   48 33 c4 48 89 84 24 a8 00 00 00 0f b6 c2 88 54
0x0000000060db2f73:   24 31 48 8b e9 49 83 c8 ff 0f 1f 40 00 49 ff c0
0x0000000060db2f83:   41 80 3c 08 00 75 f6 33 f6 45 33 ed 88 44 24 30
0x0000000060db2f93:   45 85 c0 0f 8e 78 02 00 00 8b 0d a2 10 7e 00 65 



---------------  P R O C E S S  ---------------

Java Threads: ( => current thread )

Other Threads:

[error occurred during error reporting (printing all threads), id 0xc0000005]

VM state:not at safepoint (not fully initialized)

VM Mutex/Monitor currently owned by a thread: None


[error occurred during error reporting (printing compressed oops mode), id 0xc0000005]

Deoptimization events (0 events):
No events

Classes redefined (0 events):
No events

Internal exceptions (0 events):
No events

Events (0 events):
No events


Dynamic libraries:
0x00007ff620a20000 - 0x00007ff620a27000 	C:\Program Files\java\jdk-9.0.4\bin\javac.exe
0x00007ff8e7410000 - 0x00007ff8e75eb000 	C:\WINDOWS\SYSTEM32\ntdll.dll
0x00007ff8e7000000 - 0x00007ff8e70ae000 	C:\WINDOWS\System32\KERNEL32.DLL
0x00007ff8e3f50000 - 0x00007ff8e4199000 	C:\WINDOWS\System32\KERNELBASE.dll
0x00007ff8cbbc0000 - 0x00007ff8cbcaf000 	C:\Program Files\java\jdk-9.0.4\bin\MSVCR120.dll
0x00007ff8cbb80000 - 0x00007ff8cbbb5000 	C:\Program Files\java\jdk-9.0.4\bin\jli.dll
0x00007ff8e72c0000 - 0x00007ff8e7361000 	C:\WINDOWS\System32\ADVAPI32.dll
0x00007ff8e4cd0000 - 0x00007ff8e4d6d000 	C:\WINDOWS\System32\msvcrt.dll
0x00007ff8e58b0000 - 0x00007ff8e5909000 	C:\WINDOWS\System32\sechost.dll
0x00007ff8e4e50000 - 0x00007ff8e4f75000 	C:\WINDOWS\System32\RPCRT4.dll
0x00007ff8e6e20000 - 0x00007ff8e6f6a000 	C:\WINDOWS\System32\USER32.dll
0x00007ff8e3e20000 - 0x00007ff8e3e3e000 	C:\WINDOWS\System32\win32u.dll
0x00007ff8ddc20000 - 0x00007ff8dde87000 	C:\WINDOWS\WinSxS\amd64_microsoft.windows.common-controls_6595b64144ccf1df_6.0.15063.483_none_26002d27e7c744a2\COMCTL32.dll
0x00007ff8e4d70000 - 0x00007ff8e4d97000 	C:\WINDOWS\System32\GDI32.dll
0x00007ff8e54a0000 - 0x00007ff8e5799000 	C:\WINDOWS\System32\combase.dll
0x00007ff8e3c30000 - 0x00007ff8e3db7000 	C:\WINDOWS\System32\gdi32full.dll
0x00007ff8e3b30000 - 0x00007ff8e3c26000 	C:\WINDOWS\System32\ucrtbase.dll
0x00007ff8e3eb0000 - 0x00007ff8e3f4a000 	C:\WINDOWS\System32\msvcp_win.dll
0x00007ff8e3e40000 - 0x00007ff8e3eaa000 	C:\WINDOWS\System32\bcryptPrimitives.dll
0x00007ff8de110000 - 0x00007ff8de11a000 	C:\WINDOWS\SYSTEM32\VERSION.dll
0x00007ff8e5440000 - 0x00007ff8e546d000 	C:\WINDOWS\System32\IMM32.DLL
0x00007ff8cbad0000 - 0x00007ff8cbb76000 	C:\Program Files\java\jdk-9.0.4\bin\msvcp120.dll
0x0000000060c00000 - 0x0000000061625000 	C:\Program Files\java\jdk-9.0.4\bin\server\jvm.dll
0x00007ff8e6f70000 - 0x00007ff8e6f78000 	C:\WINDOWS\System32\PSAPI.DLL
0x00007ff8e0590000 - 0x00007ff8e05b3000 	C:\WINDOWS\SYSTEM32\WINMM.dll
0x00007ff8d7650000 - 0x00007ff8d7659000 	C:\WINDOWS\SYSTEM32\WSOCK32.dll
0x00007ff8e4950000 - 0x00007ff8e49bc000 	C:\WINDOWS\System32\WS2_32.dll
0x00007ff8e0530000 - 0x00007ff8e055b000 	C:\WINDOWS\SYSTEM32\WINMMBASE.dll
0x00007ff8e3910000 - 0x00007ff8e3959000 	C:\WINDOWS\System32\cfgmgr32.dll
0x00007ff8db550000 - 0x00007ff8db55f000 	C:\Program Files\java\jdk-9.0.4\bin\verify.dll
0x00007ff8cbaa0000 - 0x00007ff8cbac7000 	C:\Program Files\java\jdk-9.0.4\bin\java.dll
0x00007ff8cba80000 - 0x00007ff8cba96000 	C:\Program Files\java\jdk-9.0.4\bin\zip.dll
0x00007ff8cba70000 - 0x00007ff8cba7a000 	C:\Program Files\java\jdk-9.0.4\bin\jimage.dll
0x00007ff8d7700000 - 0x00007ff8d78a9000 	C:\WINDOWS\SYSTEM32\dbghelp.dll

VM Arguments:
jvm_args: -Dapplication.home=C:\Program Files\java\jdk-9.0.4 --add-modules=ALL-DEFAULT -Xms8m -Djdk.module.main=jdk.compiler 
java_command: jdk.compiler/com.sun.tools.javac.Main -version
java_class_path (initial): <not set>
Launcher Type: SUN_STANDARD

Logging:
Log output configuration:
#0: stdout all=warning uptime,level,tags
#1: stderr all=off uptime,level,tags

Environment Variables:
JAVA_HOME=C:\Program Files\java\jdk-9.0.4
PATH=C:\ProgramData\Oracle\Java\javapath;C:\Program Files (x86)\Common Files\NetSarang;C:\WINDOWS\system32;C:\WINDOWS;C:\WINDOWS\System32\Wbem;C:\WINDOWS\System32\WindowsPowerShell\v1.0\;C:\Program Files (x86)\Bitvise Tunnelier;C:\Program Files (x86)\Bitvise SSH Client;C:\Program Files\Common Files\Autodesk Shared\;C:\Program Files\TortoiseSVN\bin;C:\Program Files (x86)\PuTTY\;C:\Program Files (x86)\Skype\Phone\;C:\Program Files\Git\cmd;C:\Program Files\nodejs\;C:\Users\Ruan\AppData\Roaming\npm;C:\Program Files\java\jdk-9.0.4\bin;C:\Users\Ruan\AppData\Local\Android\sdk\tools;C:\Users\Ruan\AppData\Local\Android\sdk\platform-tools;C:\Users\Ruan\AppData\Local\Android\sdk\tools\bin
USERNAME=Ruan
OS=Windows_NT
PROCESSOR_IDENTIFIER=Intel64 Family 6 Model 42 Stepping 7, GenuineIntel



---------------  S Y S T E M  ---------------

OS: Windows 10 , 64 bit Build 15063 (10.0.15063.296)

CPU:total 4 (initial active 4) 

Memory: 4k page, physical 16747860k(12653268k free), swap 33525076k(29296868k free)

vm_info: Java HotSpot(TM) 64-Bit Server VM (9.0.4+11) for windows-amd64 JRE (9.0.4+11), built on Dec 20 2017 02:18:54 by "mach5one" with MS VC++ 12.0 (VS2013)

END.
